c:\users\karen\source\repos\vs-runtime\vs-runtime\x64\debug\vc142.pdb
c:\users\karen\source\repos\vs-runtime\vs-runtime\x64\debug\vc142.idb
c:\users\karen\source\repos\vs-runtime\vs-runtime\x64\debug\forstatement.obj
c:\users\karen\source\repos\vs-runtime\vs-runtime\x64\debug\expression.obj
c:\users\karen\source\repos\vs-runtime\vs-runtime\x64\debug\environment.obj
c:\users\karen\source\repos\vs-runtime\vs-runtime\x64\debug\functiondeclaration.obj
c:\users\karen\source\repos\vs-runtime\vs-runtime\x64\debug\objectpropertydescriptorstate.obj
c:\users\karen\source\repos\vs-runtime\vs-runtime\x64\debug\nulltype.obj
c:\users\karen\source\repos\vs-runtime\vs-runtime\x64\debug\nullexpression.obj
c:\users\karen\source\repos\vs-runtime\vs-runtime\x64\debug\garbigecollector.obj
c:\users\karen\source\repos\vs-runtime\vs-runtime\x64\debug\executioncontext.obj
c:\users\karen\source\repos\vs-runtime\vs-runtime\x64\debug\errors.obj
c:\users\karen\source\repos\vs-runtime\vs-runtime\x64\debug\emptyexpression.obj
c:\users\karen\source\repos\vs-runtime\vs-runtime\x64\debug\dotexpression.obj
c:\users\karen\source\repos\vs-runtime\vs-runtime\x64\debug\contextstack.obj
c:\users\karen\source\repos\vs-runtime\vs-runtime\x64\debug\collectableentity.obj
c:\users\karen\source\repos\vs-runtime\vs-runtime\x64\debug\booltype.obj
c:\users\karen\source\repos\vs-runtime\vs-runtime\x64\debug\booleanexpression.obj
c:\users\karen\source\repos\vs-runtime\vs-runtime\x64\debug\blockstatement.obj
c:\users\karen\source\repos\vs-runtime\vs-runtime\x64\debug\blockbasestatement.obj
c:\users\karen\source\repos\vs-runtime\vs-runtime\x64\debug\binaryexpression.obj
c:\users\karen\source\repos\vs-runtime\vs-runtime\x64\debug\anonumousfuncexpression.obj
c:\users\karen\source\repos\vs-runtime\vs-runtime\x64\debug\returnexpression.obj
c:\users\karen\source\repos\vs-runtime\vs-runtime\x64\debug\parser.obj
c:\users\karen\source\repos\vs-runtime\vs-runtime\x64\debug\objectproperty.obj
c:\users\karen\source\repos\vs-runtime\vs-runtime\x64\debug\objectexpression.obj
c:\users\karen\source\repos\vs-runtime\vs-runtime\x64\debug\objectbase.obj
c:\users\karen\source\repos\vs-runtime\vs-runtime\x64\debug\numbertype.obj
c:\users\karen\source\repos\vs-runtime\vs-runtime\x64\debug\numberexpression.obj
c:\users\karen\source\repos\vs-runtime\vs-runtime\x64\debug\node.obj
c:\users\karen\source\repos\vs-runtime\vs-runtime\x64\debug\newexpression.obj
c:\users\karen\source\repos\vs-runtime\vs-runtime\x64\debug\nativecoderealisation.obj
c:\users\karen\source\repos\vs-runtime\vs-runtime\x64\debug\nantype.obj
c:\users\karen\source\repos\vs-runtime\vs-runtime\x64\debug\nanexpression.obj
c:\users\karen\source\repos\vs-runtime\vs-runtime\x64\debug\logicalexpression.obj
c:\users\karen\source\repos\vs-runtime\vs-runtime\x64\debug\lexer.obj
c:\users\karen\source\repos\vs-runtime\vs-runtime\x64\debug\typeofexpression.obj
c:\users\karen\source\repos\vs-runtime\vs-runtime\x64\debug\incrementexpression.obj
c:\users\karen\source\repos\vs-runtime\vs-runtime\x64\debug\ifstatement.obj
c:\users\karen\source\repos\vs-runtime\vs-runtime\x64\debug\functions.obj
c:\users\karen\source\repos\vs-runtime\vs-runtime\x64\debug\callexpression.obj
c:\users\karen\source\repos\vs-runtime\vs-runtime\x64\debug\functionbodystatement.obj
c:\users\karen\source\repos\vs-runtime\vs-runtime\x64\debug\whilestatement.obj
c:\users\karen\source\repos\vs-runtime\vs-runtime\x64\debug\variablestatement.obj
c:\users\karen\source\repos\vs-runtime\vs-runtime\x64\debug\variables.obj
c:\users\karen\source\repos\vs-runtime\vs-runtime\x64\debug\variableexpression.obj
c:\users\karen\source\repos\vs-runtime\vs-runtime\x64\debug\undefinedtype.obj
c:\users\karen\source\repos\vs-runtime\vs-runtime\x64\debug\undefinedexpression.obj
c:\users\karen\source\repos\vs-runtime\vs-runtime\x64\debug\unaryexpression.obj
c:\users\karen\source\repos\vs-runtime\vs-runtime\x64\debug\token.obj
c:\users\karen\source\repos\vs-runtime\vs-runtime\x64\debug\thisexpression.obj
c:\users\karen\source\repos\vs-runtime\vs-runtime\x64\debug\tdzvalue.obj
c:\users\karen\source\repos\vs-runtime\vs-runtime\x64\debug\stringtype.obj
c:\users\karen\source\repos\vs-runtime\vs-runtime\x64\debug\stringexpression.obj
c:\users\karen\source\repos\vs-runtime\vs-runtime\x64\debug\basevalue.obj
c:\users\karen\source\repos\vs-runtime\vs-runtime\x64\debug\statement.obj
c:\users\karen\source\repos\vs-runtime\vs-runtime\x64\debug\vs-runtime.tlog\cl.command.1.tlog
c:\users\karen\source\repos\vs-runtime\vs-runtime\x64\debug\vs-runtime.tlog\cl.read.1.tlog
c:\users\karen\source\repos\vs-runtime\vs-runtime\x64\debug\vs-runtime.tlog\cl.write.1.tlog
